{"C:\\Users\\2165311\\react-project\\myShop\\src\\App.js": {"path":"C:\\Users\\2165311\\react-project\\myShop\\src\\App.js","statementMap":{"0":{"start":{"line":17,"column":2},"end":{"line":34,"column":4}},"1":{"start":{"line":38,"column":0},"end":{"line":38,"column":27}}},"fnMap":{"0":{"name":"App","decl":{"start":{"line":15,"column":9},"end":{"line":15,"column":12}},"loc":{"start":{"line":15,"column":15},"end":{"line":35,"column":1}},"line":15}},"branchMap":{},"s":{"0":0,"1":0},"f":{"0":0},"b":{}}
,"C:\\Users\\2165311\\react-project\\myShop\\src\\components\\Footer\\Footer.js": {"path":"C:\\Users\\2165311\\react-project\\myShop\\src\\components\\Footer\\Footer.js","statementMap":{"0":{"start":{"line":12,"column":24},"end":{"line":12,"column":48}},"1":{"start":{"line":13,"column":19},"end":{"line":13,"column":35}},"2":{"start":{"line":16,"column":2},"end":{"line":43,"column":4}}},"fnMap":{"0":{"name":"Footer","decl":{"start":{"line":10,"column":9},"end":{"line":10,"column":15}},"loc":{"start":{"line":10,"column":18},"end":{"line":44,"column":1}},"line":10}},"branchMap":{},"s":{"0":0,"1":0,"2":0},"f":{"0":0},"b":{}}
,"C:\\Users\\2165311\\react-project\\myShop\\src\\components\\Header\\Header.js": {"path":"C:\\Users\\2165311\\react-project\\myShop\\src\\components\\Header\\Header.js","statementMap":{"0":{"start":{"line":13,"column":2},"end":{"line":41,"column":4}}},"fnMap":{"0":{"name":"Header","decl":{"start":{"line":11,"column":9},"end":{"line":11,"column":15}},"loc":{"start":{"line":11,"column":18},"end":{"line":42,"column":1}},"line":11}},"branchMap":{},"s":{"0":0},"f":{"0":0},"b":{}}
,"C:\\Users\\2165311\\react-project\\myShop\\src\\components\\HelmetSetup\\HelmetSetup.js": {"path":"C:\\Users\\2165311\\react-project\\myShop\\src\\components\\HelmetSetup\\HelmetSetup.js","statementMap":{"0":{"start":{"line":10,"column":20},"end":{"line":20,"column":1}},"1":{"start":{"line":12,"column":2},"end":{"line":19,"column":4}},"2":{"start":{"line":23,"column":0},"end":{"line":25,"column":2}}},"fnMap":{"0":{"name":"(anonymous_0)","decl":{"start":{"line":10,"column":20},"end":{"line":10,"column":21}},"loc":{"start":{"line":10,"column":35},"end":{"line":20,"column":1}},"line":10}},"branchMap":{},"s":{"0":0,"1":0,"2":0},"f":{"0":0},"b":{}}
,"C:\\Users\\2165311\\react-project\\myShop\\src\\components\\MenuList\\MenuList.js": {"path":"C:\\Users\\2165311\\react-project\\myShop\\src\\components\\MenuList\\MenuList.js","statementMap":{"0":{"start":{"line":8,"column":17},"end":{"line":44,"column":1}},"1":{"start":{"line":10,"column":16},"end":{"line":31,"column":3}},"2":{"start":{"line":35,"column":2},"end":{"line":43,"column":4}},"3":{"start":{"line":40,"column":8},"end":{"line":40,"column":52}}},"fnMap":{"0":{"name":"(anonymous_0)","decl":{"start":{"line":8,"column":17},"end":{"line":8,"column":18}},"loc":{"start":{"line":8,"column":23},"end":{"line":44,"column":1}},"line":8},"1":{"name":"(anonymous_1)","decl":{"start":{"line":38,"column":17},"end":{"line":38,"column":18}},"loc":{"start":{"line":38,"column":27},"end":{"line":41,"column":7}},"line":38}},"branchMap":{},"s":{"0":1,"1":2,"2":2,"3":8},"f":{"0":2,"1":8},"b":{},"_coverageSchema":"1a1c01bbd47fc00a2c39e90264f33305004495a9","hash":"10030f8ac7ef12317030786ca6a7f1ffeec47cd6"}
,"C:\\Users\\2165311\\react-project\\myShop\\src\\components\\MenuList\\MenuItem\\MenuItem.js": {"path":"C:\\Users\\2165311\\react-project\\myShop\\src\\components\\MenuList\\MenuItem\\MenuItem.js","statementMap":{"0":{"start":{"line":9,"column":17},"end":{"line":19,"column":1}},"1":{"start":{"line":12,"column":2},"end":{"line":18,"column":4}},"2":{"start":{"line":22,"column":0},"end":{"line":25,"column":2}}},"fnMap":{"0":{"name":"(anonymous_0)","decl":{"start":{"line":9,"column":17},"end":{"line":9,"column":18}},"loc":{"start":{"line":9,"column":42},"end":{"line":19,"column":1}},"line":9}},"branchMap":{},"s":{"0":1,"1":8,"2":1},"f":{"0":8},"b":{},"_coverageSchema":"1a1c01bbd47fc00a2c39e90264f33305004495a9","hash":"dc35566ba2886ee13ac481e9f89810999298713b"}
,"C:\\Users\\2165311\\react-project\\myShop\\src\\containers\\shared\\ErrorBoundary\\ErrorBoundary.js": {"path":"C:\\Users\\2165311\\react-project\\myShop\\src\\containers\\shared\\ErrorBoundary\\ErrorBoundary.js","statementMap":{"0":{"start":{"line":6,"column":10},"end":{"line":8,"column":3}},"1":{"start":{"line":15,"column":4},"end":{"line":15,"column":23}},"2":{"start":{"line":16,"column":4},"end":{"line":18,"column":5}},"3":{"start":{"line":24,"column":4},"end":{"line":24,"column":75}},"4":{"start":{"line":25,"column":4},"end":{"line":25,"column":23}},"5":{"start":{"line":26,"column":4},"end":{"line":26,"column":27}},"6":{"start":{"line":31,"column":4},"end":{"line":40,"column":5}},"7":{"start":{"line":32,"column":6},"end":{"line":37,"column":7}},"8":{"start":{"line":39,"column":6},"end":{"line":39,"column":33}},"9":{"start":{"line":45,"column":0},"end":{"line":47,"column":1}}},"fnMap":{"0":{"name":"(anonymous_0)","decl":{"start":{"line":14,"column":2},"end":{"line":14,"column":3}},"loc":{"start":{"line":14,"column":42},"end":{"line":19,"column":3}},"line":14},"1":{"name":"(anonymous_1)","decl":{"start":{"line":23,"column":2},"end":{"line":23,"column":3}},"loc":{"start":{"line":23,"column":39},"end":{"line":28,"column":3}},"line":23},"2":{"name":"(anonymous_2)","decl":{"start":{"line":30,"column":2},"end":{"line":30,"column":3}},"loc":{"start":{"line":30,"column":12},"end":{"line":41,"column":3}},"line":30}},"branchMap":{"0":{"loc":{"start":{"line":31,"column":4},"end":{"line":40,"column":5}},"type":"if","locations":[{"start":{"line":31,"column":4},"end":{"line":40,"column":5}},{"start":{"line":38,"column":11},"end":{"line":40,"column":5}}],"line":31}},"s":{"0":0,"1":0,"2":0,"3":0,"4":0,"5":0,"6":0,"7":0,"8":0,"9":0},"f":{"0":0,"1":0,"2":0},"b":{"0":[0,0]}}
,"C:\\Users\\2165311\\react-project\\myShop\\src\\containers\\shared\\PageNotFound\\PageNotFound.js": {"path":"C:\\Users\\2165311\\react-project\\myShop\\src\\containers\\shared\\PageNotFound\\PageNotFound.js","statementMap":{"0":{"start":{"line":9,"column":21},"end":{"line":31,"column":1}},"1":{"start":{"line":11,"column":2},"end":{"line":30,"column":4}}},"fnMap":{"0":{"name":"(anonymous_0)","decl":{"start":{"line":9,"column":21},"end":{"line":9,"column":22}},"loc":{"start":{"line":9,"column":27},"end":{"line":31,"column":1}},"line":9}},"branchMap":{},"s":{"0":0,"1":0},"f":{"0":0},"b":{}}
,"C:\\Users\\2165311\\react-project\\myShop\\src\\pages\\AboutUsPage\\AboutUsPage.js": {"path":"C:\\Users\\2165311\\react-project\\myShop\\src\\pages\\AboutUsPage\\AboutUsPage.js","statementMap":{"0":{"start":{"line":11,"column":20},"end":{"line":36,"column":1}},"1":{"start":{"line":13,"column":2},"end":{"line":35,"column":4}}},"fnMap":{"0":{"name":"(anonymous_0)","decl":{"start":{"line":11,"column":20},"end":{"line":11,"column":21}},"loc":{"start":{"line":11,"column":26},"end":{"line":36,"column":1}},"line":11}},"branchMap":{},"s":{"0":0,"1":0},"f":{"0":0},"b":{}}
,"C:\\Users\\2165311\\react-project\\myShop\\src\\pages\\AboutUsPage\\AboutCompany\\AboutCompany.js": {"path":"C:\\Users\\2165311\\react-project\\myShop\\src\\pages\\AboutUsPage\\AboutCompany\\AboutCompany.js","statementMap":{"0":{"start":{"line":7,"column":21},"end":{"line":41,"column":1}},"1":{"start":{"line":9,"column":2},"end":{"line":40,"column":4}}},"fnMap":{"0":{"name":"(anonymous_0)","decl":{"start":{"line":7,"column":21},"end":{"line":7,"column":22}},"loc":{"start":{"line":7,"column":27},"end":{"line":41,"column":1}},"line":7}},"branchMap":{},"s":{"0":0,"1":0},"f":{"0":0},"b":{}}
,"C:\\Users\\2165311\\react-project\\myShop\\src\\pages\\AboutUsPage\\History\\History.js": {"path":"C:\\Users\\2165311\\react-project\\myShop\\src\\pages\\AboutUsPage\\History\\History.js","statementMap":{"0":{"start":{"line":7,"column":16},"end":{"line":29,"column":1}},"1":{"start":{"line":9,"column":2},"end":{"line":28,"column":4}}},"fnMap":{"0":{"name":"(anonymous_0)","decl":{"start":{"line":7,"column":16},"end":{"line":7,"column":17}},"loc":{"start":{"line":7,"column":22},"end":{"line":29,"column":1}},"line":7}},"branchMap":{},"s":{"0":0,"1":0},"f":{"0":0},"b":{}}
,"C:\\Users\\2165311\\react-project\\myShop\\src\\pages\\ContactUsPage\\ContactUsPage.js": {"path":"C:\\Users\\2165311\\react-project\\myShop\\src\\pages\\ContactUsPage\\ContactUsPage.js","statementMap":{"0":{"start":{"line":14,"column":22},"end":{"line":143,"column":1}},"1":{"start":{"line":15,"column":32},"end":{"line":15,"column":47}},"2":{"start":{"line":16,"column":32},"end":{"line":16,"column":47}},"3":{"start":{"line":17,"column":46},"end":{"line":21,"column":4}},"4":{"start":{"line":22,"column":44},"end":{"line":22,"column":53}},"5":{"start":{"line":25,"column":19},"end":{"line":61,"column":3}},"6":{"start":{"line":26,"column":4},"end":{"line":26,"column":41}},"7":{"start":{"line":27,"column":4},"end":{"line":27,"column":39}},"8":{"start":{"line":28,"column":4},"end":{"line":28,"column":43}},"9":{"start":{"line":29,"column":4},"end":{"line":29,"column":45}},"10":{"start":{"line":30,"column":4},"end":{"line":56,"column":25}},"11":{"start":{"line":38,"column":8},"end":{"line":38,"column":26}},"12":{"start":{"line":42,"column":8},"end":{"line":42,"column":31}},"13":{"start":{"line":43,"column":8},"end":{"line":49,"column":9}},"14":{"start":{"line":44,"column":10},"end":{"line":44,"column":27}},"15":{"start":{"line":45,"column":10},"end":{"line":45,"column":52}},"16":{"start":{"line":45,"column":27},"end":{"line":45,"column":44}},"17":{"start":{"line":46,"column":10},"end":{"line":46,"column":28}},"18":{"start":{"line":48,"column":10},"end":{"line":48,"column":27}},"19":{"start":{"line":52,"column":8},"end":{"line":52,"column":25}},"20":{"start":{"line":53,"column":8},"end":{"line":53,"column":25}},"21":{"start":{"line":54,"column":8},"end":{"line":54,"column":50}},"22":{"start":{"line":54,"column":25},"end":{"line":54,"column":42}},"23":{"start":{"line":59,"column":4},"end":{"line":59,"column":52}},"24":{"start":{"line":64,"column":2},"end":{"line":142,"column":4}}},"fnMap":{"0":{"name":"(anonymous_0)","decl":{"start":{"line":14,"column":22},"end":{"line":14,"column":23}},"loc":{"start":{"line":14,"column":28},"end":{"line":143,"column":1}},"line":14},"1":{"name":"(anonymous_1)","decl":{"start":{"line":25,"column":19},"end":{"line":25,"column":20}},"loc":{"start":{"line":25,"column":30},"end":{"line":61,"column":3}},"line":25},"2":{"name":"(anonymous_2)","decl":{"start":{"line":37,"column":12},"end":{"line":37,"column":13}},"loc":{"start":{"line":37,"column":21},"end":{"line":39,"column":7}},"line":37},"3":{"name":"(anonymous_3)","decl":{"start":{"line":40,"column":12},"end":{"line":40,"column":13}},"loc":{"start":{"line":40,"column":27},"end":{"line":50,"column":7}},"line":40},"4":{"name":"(anonymous_4)","decl":{"start":{"line":45,"column":21},"end":{"line":45,"column":22}},"loc":{"start":{"line":45,"column":27},"end":{"line":45,"column":44}},"line":45},"5":{"name":"(anonymous_5)","decl":{"start":{"line":51,"column":13},"end":{"line":51,"column":14}},"loc":{"start":{"line":51,"column":22},"end":{"line":55,"column":7}},"line":51},"6":{"name":"(anonymous_6)","decl":{"start":{"line":54,"column":19},"end":{"line":54,"column":20}},"loc":{"start":{"line":54,"column":25},"end":{"line":54,"column":42}},"line":54},"7":{"name":"(anonymous_7)","decl":{"start":{"line":56,"column":15},"end":{"line":56,"column":16}},"loc":{"start":{"line":56,"column":21},"end":{"line":56,"column":23}},"line":56}},"branchMap":{"0":{"loc":{"start":{"line":43,"column":8},"end":{"line":49,"column":9}},"type":"if","locations":[{"start":{"line":43,"column":8},"end":{"line":49,"column":9}},{"start":{"line":47,"column":15},"end":{"line":49,"column":9}}],"line":43},"1":{"loc":{"start":{"line":121,"column":15},"end":{"line":129,"column":19}},"type":"cond-expr","locations":[{"start":{"line":123,"column":16},"end":{"line":125,"column":22}},{"start":{"line":128,"column":20},"end":{"line":128,"column":22}}],"line":121},"2":{"loc":{"start":{"line":130,"column":15},"end":{"line":136,"column":19}},"type":"cond-expr","locations":[{"start":{"line":132,"column":16},"end":{"line":132,"column":95}},{"start":{"line":135,"column":20},"end":{"line":135,"column":22}}],"line":130}},"s":{"0":0,"1":0,"2":0,"3":0,"4":0,"5":0,"6":0,"7":0,"8":0,"9":0,"10":0,"11":0,"12":0,"13":0,"14":0,"15":0,"16":0,"17":0,"18":0,"19":0,"20":0,"21":0,"22":0,"23":0,"24":0},"f":{"0":0,"1":0,"2":0,"3":0,"4":0,"5":0,"6":0,"7":0},"b":{"0":[0,0],"1":[0,0],"2":[0,0]}}
,"C:\\Users\\2165311\\react-project\\myShop\\src\\pages\\ContactUsPage\\ContactUsDetail\\ContactUsDetail.js": {"path":"C:\\Users\\2165311\\react-project\\myShop\\src\\pages\\ContactUsPage\\ContactUsDetail\\ContactUsDetail.js","statementMap":{"0":{"start":{"line":11,"column":24},"end":{"line":75,"column":1}},"1":{"start":{"line":12,"column":36},"end":{"line":12,"column":50}},"2":{"start":{"line":13,"column":32},"end":{"line":13,"column":46}},"3":{"start":{"line":14,"column":34},"end":{"line":14,"column":46}},"4":{"start":{"line":16,"column":2},"end":{"line":40,"column":9}},"5":{"start":{"line":21,"column":4},"end":{"line":39,"column":9}},"6":{"start":{"line":24,"column":8},"end":{"line":24,"column":31}},"7":{"start":{"line":25,"column":8},"end":{"line":31,"column":9}},"8":{"start":{"line":26,"column":10},"end":{"line":26,"column":33}},"9":{"start":{"line":27,"column":10},"end":{"line":27,"column":28}},"10":{"start":{"line":29,"column":10},"end":{"line":29,"column":26}},"11":{"start":{"line":30,"column":10},"end":{"line":30,"column":27}},"12":{"start":{"line":34,"column":8},"end":{"line":34,"column":25}},"13":{"start":{"line":35,"column":8},"end":{"line":35,"column":25}},"14":{"start":{"line":38,"column":8},"end":{"line":38,"column":28}},"15":{"start":{"line":42,"column":2},"end":{"line":44,"column":3}},"16":{"start":{"line":43,"column":4},"end":{"line":43,"column":63}},"17":{"start":{"line":46,"column":2},"end":{"line":48,"column":3}},"18":{"start":{"line":47,"column":4},"end":{"line":47,"column":91}},"19":{"start":{"line":51,"column":2},"end":{"line":74,"column":4}}},"fnMap":{"0":{"name":"(anonymous_0)","decl":{"start":{"line":11,"column":24},"end":{"line":11,"column":25}},"loc":{"start":{"line":11,"column":30},"end":{"line":75,"column":1}},"line":11},"1":{"name":"(anonymous_1)","decl":{"start":{"line":16,"column":12},"end":{"line":16,"column":13}},"loc":{"start":{"line":16,"column":18},"end":{"line":40,"column":3}},"line":16},"2":{"name":"(anonymous_2)","decl":{"start":{"line":22,"column":12},"end":{"line":22,"column":13}},"loc":{"start":{"line":22,"column":27},"end":{"line":32,"column":7}},"line":22},"3":{"name":"(anonymous_3)","decl":{"start":{"line":33,"column":13},"end":{"line":33,"column":14}},"loc":{"start":{"line":33,"column":22},"end":{"line":36,"column":7}},"line":33},"4":{"name":"(anonymous_4)","decl":{"start":{"line":37,"column":15},"end":{"line":37,"column":16}},"loc":{"start":{"line":37,"column":21},"end":{"line":39,"column":7}},"line":37}},"branchMap":{"0":{"loc":{"start":{"line":25,"column":8},"end":{"line":31,"column":9}},"type":"if","locations":[{"start":{"line":25,"column":8},"end":{"line":31,"column":9}},{"start":{"line":28,"column":15},"end":{"line":31,"column":9}}],"line":25},"1":{"loc":{"start":{"line":42,"column":2},"end":{"line":44,"column":3}},"type":"if","locations":[{"start":{"line":42,"column":2},"end":{"line":44,"column":3}},{"start":{},"end":{}}],"line":42},"2":{"loc":{"start":{"line":46,"column":2},"end":{"line":48,"column":3}},"type":"if","locations":[{"start":{"line":46,"column":2},"end":{"line":48,"column":3}},{"start":{},"end":{}}],"line":46}},"s":{"0":0,"1":0,"2":0,"3":0,"4":0,"5":0,"6":0,"7":0,"8":0,"9":0,"10":0,"11":0,"12":0,"13":0,"14":0,"15":0,"16":0,"17":0,"18":0,"19":0},"f":{"0":0,"1":0,"2":0,"3":0,"4":0},"b":{"0":[0,0],"1":[0,0],"2":[0,0]}}
,"C:\\Users\\2165311\\react-project\\myShop\\src\\pages\\HomePage\\HomePage.js": {"path":"C:\\Users\\2165311\\react-project\\myShop\\src\\pages\\HomePage\\HomePage.js","statementMap":{"0":{"start":{"line":15,"column":17},"end":{"line":67,"column":1}},"1":{"start":{"line":17,"column":19},"end":{"line":36,"column":3}},"2":{"start":{"line":39,"column":2},"end":{"line":66,"column":4}},"3":{"start":{"line":50,"column":10},"end":{"line":62,"column":12}}},"fnMap":{"0":{"name":"(anonymous_0)","decl":{"start":{"line":15,"column":17},"end":{"line":15,"column":18}},"loc":{"start":{"line":15,"column":23},"end":{"line":67,"column":1}},"line":15},"1":{"name":"(anonymous_1)","decl":{"start":{"line":49,"column":22},"end":{"line":49,"column":23}},"loc":{"start":{"line":49,"column":34},"end":{"line":63,"column":9}},"line":49}},"branchMap":{},"s":{"0":0,"1":0,"2":0,"3":0},"f":{"0":0,"1":0},"b":{}}
,"C:\\Users\\2165311\\react-project\\myShop\\src\\pages\\HomePage\\Carousel\\Carousel.js": {"path":"C:\\Users\\2165311\\react-project\\myShop\\src\\pages\\HomePage\\Carousel\\Carousel.js","statementMap":{"0":{"start":{"line":9,"column":17},"end":{"line":118,"column":1}},"1":{"start":{"line":11,"column":20},"end":{"line":42,"column":3}},"2":{"start":{"line":45,"column":2},"end":{"line":117,"column":4}},"3":{"start":{"line":73,"column":10},"end":{"line":97,"column":12}}},"fnMap":{"0":{"name":"(anonymous_0)","decl":{"start":{"line":9,"column":17},"end":{"line":9,"column":18}},"loc":{"start":{"line":9,"column":23},"end":{"line":118,"column":1}},"line":9},"1":{"name":"(anonymous_1)","decl":{"start":{"line":72,"column":23},"end":{"line":72,"column":24}},"loc":{"start":{"line":72,"column":37},"end":{"line":98,"column":9}},"line":72}},"branchMap":{},"s":{"0":0,"1":0,"2":0,"3":0},"f":{"0":0,"1":0},"b":{}}
,"C:\\Users\\2165311\\react-project\\myShop\\src\\pages\\HomePage\\LatestProducts\\LatestProducts.js": {"path":"C:\\Users\\2165311\\react-project\\myShop\\src\\pages\\HomePage\\LatestProducts\\LatestProducts.js","statementMap":{"0":{"start":{"line":12,"column":23},"end":{"line":95,"column":1}},"1":{"start":{"line":13,"column":36},"end":{"line":13,"column":50}},"2":{"start":{"line":14,"column":32},"end":{"line":14,"column":46}},"3":{"start":{"line":15,"column":34},"end":{"line":15,"column":46}},"4":{"start":{"line":17,"column":2},"end":{"line":44,"column":9}},"5":{"start":{"line":22,"column":4},"end":{"line":43,"column":9}},"6":{"start":{"line":28,"column":8},"end":{"line":28,"column":31}},"7":{"start":{"line":29,"column":8},"end":{"line":35,"column":9}},"8":{"start":{"line":30,"column":10},"end":{"line":30,"column":33}},"9":{"start":{"line":31,"column":10},"end":{"line":31,"column":28}},"10":{"start":{"line":33,"column":10},"end":{"line":33,"column":26}},"11":{"start":{"line":34,"column":10},"end":{"line":34,"column":27}},"12":{"start":{"line":38,"column":8},"end":{"line":38,"column":25}},"13":{"start":{"line":39,"column":8},"end":{"line":39,"column":25}},"14":{"start":{"line":42,"column":8},"end":{"line":42,"column":28}},"15":{"start":{"line":46,"column":2},"end":{"line":48,"column":3}},"16":{"start":{"line":47,"column":4},"end":{"line":47,"column":63}},"17":{"start":{"line":50,"column":2},"end":{"line":52,"column":3}},"18":{"start":{"line":51,"column":4},"end":{"line":51,"column":114}},"19":{"start":{"line":55,"column":2},"end":{"line":94,"column":4}},"20":{"start":{"line":60,"column":29},"end":{"line":60,"column":88}},"21":{"start":{"line":61,"column":34},"end":{"line":61,"column":83}},"22":{"start":{"line":62,"column":8},"end":{"line":86,"column":10}}},"fnMap":{"0":{"name":"(anonymous_0)","decl":{"start":{"line":12,"column":23},"end":{"line":12,"column":24}},"loc":{"start":{"line":12,"column":29},"end":{"line":95,"column":1}},"line":12},"1":{"name":"(anonymous_1)","decl":{"start":{"line":17,"column":12},"end":{"line":17,"column":13}},"loc":{"start":{"line":17,"column":18},"end":{"line":44,"column":3}},"line":17},"2":{"name":"(anonymous_2)","decl":{"start":{"line":26,"column":12},"end":{"line":26,"column":13}},"loc":{"start":{"line":26,"column":27},"end":{"line":36,"column":7}},"line":26},"3":{"name":"(anonymous_3)","decl":{"start":{"line":37,"column":13},"end":{"line":37,"column":14}},"loc":{"start":{"line":37,"column":22},"end":{"line":40,"column":7}},"line":37},"4":{"name":"(anonymous_4)","decl":{"start":{"line":41,"column":15},"end":{"line":41,"column":16}},"loc":{"start":{"line":41,"column":21},"end":{"line":43,"column":7}},"line":41},"5":{"name":"(anonymous_5)","decl":{"start":{"line":59,"column":21},"end":{"line":59,"column":22}},"loc":{"start":{"line":59,"column":34},"end":{"line":87,"column":7}},"line":59}},"branchMap":{"0":{"loc":{"start":{"line":29,"column":8},"end":{"line":35,"column":9}},"type":"if","locations":[{"start":{"line":29,"column":8},"end":{"line":35,"column":9}},{"start":{"line":32,"column":15},"end":{"line":35,"column":9}}],"line":29},"1":{"loc":{"start":{"line":46,"column":2},"end":{"line":48,"column":3}},"type":"if","locations":[{"start":{"line":46,"column":2},"end":{"line":48,"column":3}},{"start":{},"end":{}}],"line":46},"2":{"loc":{"start":{"line":50,"column":2},"end":{"line":52,"column":3}},"type":"if","locations":[{"start":{"line":50,"column":2},"end":{"line":52,"column":3}},{"start":{},"end":{}}],"line":50}},"s":{"0":0,"1":0,"2":0,"3":0,"4":0,"5":0,"6":0,"7":0,"8":0,"9":0,"10":0,"11":0,"12":0,"13":0,"14":0,"15":0,"16":0,"17":0,"18":0,"19":0,"20":0,"21":0,"22":0},"f":{"0":0,"1":0,"2":0,"3":0,"4":0,"5":0},"b":{"0":[0,0],"1":[0,0],"2":[0,0]}}
,"C:\\Users\\2165311\\react-project\\myShop\\src\\pages\\ProductDetail\\ProductDetail.js": {"path":"C:\\Users\\2165311\\react-project\\myShop\\src\\pages\\ProductDetail\\ProductDetail.js","statementMap":{"0":{"start":{"line":22,"column":22},"end":{"line":286,"column":1}},"1":{"start":{"line":23,"column":36},"end":{"line":23,"column":50}},"2":{"start":{"line":24,"column":32},"end":{"line":24,"column":47}},"3":{"start":{"line":25,"column":32},"end":{"line":25,"column":47}},"4":{"start":{"line":26,"column":44},"end":{"line":26,"column":56}},"5":{"start":{"line":28,"column":40},"end":{"line":28,"column":55}},"6":{"start":{"line":30,"column":30},"end":{"line":30,"column":41}},"7":{"start":{"line":31,"column":24},"end":{"line":31,"column":35}},"8":{"start":{"line":33,"column":2},"end":{"line":57,"column":9}},"9":{"start":{"line":37,"column":4},"end":{"line":56,"column":9}},"10":{"start":{"line":40,"column":8},"end":{"line":40,"column":31}},"11":{"start":{"line":41,"column":8},"end":{"line":48,"column":9}},"12":{"start":{"line":42,"column":10},"end":{"line":42,"column":38}},"13":{"start":{"line":44,"column":10},"end":{"line":44,"column":28}},"14":{"start":{"line":46,"column":10},"end":{"line":46,"column":31}},"15":{"start":{"line":47,"column":10},"end":{"line":47,"column":27}},"16":{"start":{"line":51,"column":8},"end":{"line":51,"column":25}},"17":{"start":{"line":52,"column":8},"end":{"line":52,"column":25}},"18":{"start":{"line":55,"column":8},"end":{"line":55,"column":28}},"19":{"start":{"line":59,"column":2},"end":{"line":61,"column":3}},"20":{"start":{"line":60,"column":4},"end":{"line":60,"column":85}},"21":{"start":{"line":63,"column":2},"end":{"line":65,"column":3}},"22":{"start":{"line":64,"column":4},"end":{"line":64,"column":91}},"23":{"start":{"line":68,"column":23},"end":{"line":120,"column":3}},"24":{"start":{"line":70,"column":4},"end":{"line":70,"column":27}},"25":{"start":{"line":71,"column":4},"end":{"line":71,"column":45}},"26":{"start":{"line":72,"column":4},"end":{"line":72,"column":42}},"27":{"start":{"line":73,"column":4},"end":{"line":73,"column":42}},"28":{"start":{"line":74,"column":4},"end":{"line":74,"column":43}},"29":{"start":{"line":75,"column":24},"end":{"line":78,"column":5}},"30":{"start":{"line":79,"column":21},"end":{"line":85,"column":5}},"31":{"start":{"line":86,"column":4},"end":{"line":86,"column":39}},"32":{"start":{"line":89,"column":4},"end":{"line":116,"column":25}},"33":{"start":{"line":97,"column":8},"end":{"line":97,"column":26}},"34":{"start":{"line":101,"column":8},"end":{"line":101,"column":31}},"35":{"start":{"line":102,"column":8},"end":{"line":109,"column":9}},"36":{"start":{"line":103,"column":10},"end":{"line":103,"column":38}},"37":{"start":{"line":104,"column":10},"end":{"line":104,"column":27}},"38":{"start":{"line":105,"column":10},"end":{"line":105,"column":52}},"39":{"start":{"line":105,"column":27},"end":{"line":105,"column":44}},"40":{"start":{"line":106,"column":10},"end":{"line":106,"column":28}},"41":{"start":{"line":108,"column":10},"end":{"line":108,"column":27}},"42":{"start":{"line":112,"column":8},"end":{"line":112,"column":25}},"43":{"start":{"line":113,"column":8},"end":{"line":113,"column":25}},"44":{"start":{"line":114,"column":8},"end":{"line":114,"column":50}},"45":{"start":{"line":114,"column":25},"end":{"line":114,"column":42}},"46":{"start":{"line":118,"column":4},"end":{"line":118,"column":25}},"47":{"start":{"line":119,"column":4},"end":{"line":119,"column":17}},"48":{"start":{"line":123,"column":23},"end":{"line":125,"column":3}},"49":{"start":{"line":124,"column":4},"end":{"line":124,"column":20}},"50":{"start":{"line":128,"column":21},"end":{"line":140,"column":3}},"51":{"start":{"line":143,"column":2},"end":{"line":285,"column":4}},"52":{"start":{"line":188,"column":68},"end":{"line":188,"column":88}},"53":{"start":{"line":262,"column":18},"end":{"line":262,"column":40}},"54":{"start":{"line":271,"column":16},"end":{"line":278,"column":18}}},"fnMap":{"0":{"name":"(anonymous_0)","decl":{"start":{"line":22,"column":22},"end":{"line":22,"column":23}},"loc":{"start":{"line":22,"column":28},"end":{"line":286,"column":1}},"line":22},"1":{"name":"(anonymous_1)","decl":{"start":{"line":33,"column":12},"end":{"line":33,"column":13}},"loc":{"start":{"line":33,"column":18},"end":{"line":57,"column":3}},"line":33},"2":{"name":"(anonymous_2)","decl":{"start":{"line":38,"column":12},"end":{"line":38,"column":13}},"loc":{"start":{"line":38,"column":27},"end":{"line":49,"column":7}},"line":38},"3":{"name":"(anonymous_3)","decl":{"start":{"line":50,"column":13},"end":{"line":50,"column":14}},"loc":{"start":{"line":50,"column":22},"end":{"line":53,"column":7}},"line":50},"4":{"name":"(anonymous_4)","decl":{"start":{"line":54,"column":15},"end":{"line":54,"column":16}},"loc":{"start":{"line":54,"column":21},"end":{"line":56,"column":7}},"line":54},"5":{"name":"(anonymous_5)","decl":{"start":{"line":68,"column":23},"end":{"line":68,"column":24}},"loc":{"start":{"line":68,"column":34},"end":{"line":120,"column":3}},"line":68},"6":{"name":"(anonymous_6)","decl":{"start":{"line":96,"column":12},"end":{"line":96,"column":13}},"loc":{"start":{"line":96,"column":21},"end":{"line":98,"column":7}},"line":96},"7":{"name":"(anonymous_7)","decl":{"start":{"line":99,"column":12},"end":{"line":99,"column":13}},"loc":{"start":{"line":99,"column":27},"end":{"line":110,"column":7}},"line":99},"8":{"name":"(anonymous_8)","decl":{"start":{"line":105,"column":21},"end":{"line":105,"column":22}},"loc":{"start":{"line":105,"column":27},"end":{"line":105,"column":44}},"line":105},"9":{"name":"(anonymous_9)","decl":{"start":{"line":111,"column":13},"end":{"line":111,"column":14}},"loc":{"start":{"line":111,"column":22},"end":{"line":115,"column":7}},"line":111},"10":{"name":"(anonymous_10)","decl":{"start":{"line":114,"column":19},"end":{"line":114,"column":20}},"loc":{"start":{"line":114,"column":25},"end":{"line":114,"column":42}},"line":114},"11":{"name":"(anonymous_11)","decl":{"start":{"line":116,"column":15},"end":{"line":116,"column":16}},"loc":{"start":{"line":116,"column":21},"end":{"line":116,"column":23}},"line":116},"12":{"name":"(anonymous_12)","decl":{"start":{"line":123,"column":23},"end":{"line":123,"column":24}},"loc":{"start":{"line":123,"column":33},"end":{"line":125,"column":3}},"line":123},"13":{"name":"(anonymous_13)","decl":{"start":{"line":188,"column":62},"end":{"line":188,"column":63}},"loc":{"start":{"line":188,"column":68},"end":{"line":188,"column":88}},"line":188},"14":{"name":"(anonymous_14)","decl":{"start":{"line":261,"column":25},"end":{"line":261,"column":26}},"loc":{"start":{"line":261,"column":31},"end":{"line":263,"column":17}},"line":261},"15":{"name":"(anonymous_15)","decl":{"start":{"line":270,"column":42},"end":{"line":270,"column":43}},"loc":{"start":{"line":270,"column":61},"end":{"line":279,"column":15}},"line":270}},"branchMap":{"0":{"loc":{"start":{"line":41,"column":8},"end":{"line":48,"column":9}},"type":"if","locations":[{"start":{"line":41,"column":8},"end":{"line":48,"column":9}},{"start":{"line":45,"column":15},"end":{"line":48,"column":9}}],"line":41},"1":{"loc":{"start":{"line":59,"column":2},"end":{"line":61,"column":3}},"type":"if","locations":[{"start":{"line":59,"column":2},"end":{"line":61,"column":3}},{"start":{},"end":{}}],"line":59},"2":{"loc":{"start":{"line":63,"column":2},"end":{"line":65,"column":3}},"type":"if","locations":[{"start":{"line":63,"column":2},"end":{"line":65,"column":3}},{"start":{},"end":{}}],"line":63},"3":{"loc":{"start":{"line":102,"column":8},"end":{"line":109,"column":9}},"type":"if","locations":[{"start":{"line":102,"column":8},"end":{"line":109,"column":9}},{"start":{"line":107,"column":15},"end":{"line":109,"column":9}}],"line":102},"4":{"loc":{"start":{"line":228,"column":21},"end":{"line":236,"column":25}},"type":"cond-expr","locations":[{"start":{"line":230,"column":22},"end":{"line":232,"column":28}},{"start":{"line":235,"column":26},"end":{"line":235,"column":28}}],"line":228},"5":{"loc":{"start":{"line":237,"column":21},"end":{"line":245,"column":25}},"type":"cond-expr","locations":[{"start":{"line":239,"column":22},"end":{"line":241,"column":28}},{"start":{"line":244,"column":26},"end":{"line":244,"column":28}}],"line":237}},"s":{"0":0,"1":0,"2":0,"3":0,"4":0,"5":0,"6":0,"7":0,"8":0,"9":0,"10":0,"11":0,"12":0,"13":0,"14":0,"15":0,"16":0,"17":0,"18":0,"19":0,"20":0,"21":0,"22":0,"23":0,"24":0,"25":0,"26":0,"27":0,"28":0,"29":0,"30":0,"31":0,"32":0,"33":0,"34":0,"35":0,"36":0,"37":0,"38":0,"39":0,"40":0,"41":0,"42":0,"43":0,"44":0,"45":0,"46":0,"47":0,"48":0,"49":0,"50":0,"51":0,"52":0,"53":0,"54":0},"f":{"0":0,"1":0,"2":0,"3":0,"4":0,"5":0,"6":0,"7":0,"8":0,"9":0,"10":0,"11":0,"12":0,"13":0,"14":0,"15":0},"b":{"0":[0,0],"1":[0,0],"2":[0,0],"3":[0,0],"4":[0,0],"5":[0,0]}}
,"C:\\Users\\2165311\\react-project\\myShop\\src\\pages\\ProductDetail\\ProductReviewForm\\ProductReviewForm.js": {"path":"C:\\Users\\2165311\\react-project\\myShop\\src\\pages\\ProductDetail\\ProductReviewForm\\ProductReviewForm.js","statementMap":{"0":{"start":{"line":3,"column":26},"end":{"line":64,"column":1}},"1":{"start":{"line":4,"column":2},"end":{"line":63,"column":4}}},"fnMap":{"0":{"name":"(anonymous_0)","decl":{"start":{"line":3,"column":26},"end":{"line":3,"column":27}},"loc":{"start":{"line":3,"column":32},"end":{"line":64,"column":1}},"line":3}},"branchMap":{},"s":{"0":0,"1":0},"f":{"0":0},"b":{}}
,"C:\\Users\\2165311\\react-project\\myShop\\src\\pages\\ProductsPage\\ProductsPage.js": {"path":"C:\\Users\\2165311\\react-project\\myShop\\src\\pages\\ProductsPage\\ProductsPage.js","statementMap":{"0":{"start":{"line":14,"column":21},"end":{"line":196,"column":1}},"1":{"start":{"line":15,"column":19},"end":{"line":15,"column":32}},"2":{"start":{"line":16,"column":36},"end":{"line":16,"column":50}},"3":{"start":{"line":17,"column":32},"end":{"line":17,"column":46}},"4":{"start":{"line":18,"column":34},"end":{"line":18,"column":46}},"5":{"start":{"line":19,"column":34},"end":{"line":19,"column":48}},"6":{"start":{"line":21,"column":42},"end":{"line":21,"column":61}},"7":{"start":{"line":23,"column":2},"end":{"line":49,"column":17}},"8":{"start":{"line":24,"column":4},"end":{"line":24,"column":26}},"9":{"start":{"line":27,"column":4},"end":{"line":47,"column":9}},"10":{"start":{"line":30,"column":8},"end":{"line":30,"column":31}},"11":{"start":{"line":31,"column":8},"end":{"line":39,"column":9}},"12":{"start":{"line":32,"column":10},"end":{"line":32,"column":33}},"13":{"start":{"line":33,"column":10},"end":{"line":33,"column":33}},"14":{"start":{"line":34,"column":10},"end":{"line":34,"column":28}},"15":{"start":{"line":36,"column":10},"end":{"line":36,"column":26}},"16":{"start":{"line":37,"column":10},"end":{"line":37,"column":26}},"17":{"start":{"line":38,"column":10},"end":{"line":38,"column":27}},"18":{"start":{"line":42,"column":8},"end":{"line":42,"column":25}},"19":{"start":{"line":43,"column":8},"end":{"line":43,"column":25}},"20":{"start":{"line":46,"column":8},"end":{"line":46,"column":28}},"21":{"start":{"line":48,"column":4},"end":{"line":48,"column":26}},"22":{"start":{"line":51,"column":2},"end":{"line":53,"column":3}},"23":{"start":{"line":52,"column":4},"end":{"line":52,"column":63}},"24":{"start":{"line":55,"column":2},"end":{"line":57,"column":3}},"25":{"start":{"line":56,"column":4},"end":{"line":56,"column":91}},"26":{"start":{"line":60,"column":21},"end":{"line":81,"column":3}},"27":{"start":{"line":84,"column":2},"end":{"line":195,"column":4}},"28":{"start":{"line":103,"column":12},"end":{"line":115,"column":14}},"29":{"start":{"line":140,"column":33},"end":{"line":140,"column":71}},"30":{"start":{"line":148,"column":33},"end":{"line":148,"column":71}},"31":{"start":{"line":160,"column":33},"end":{"line":160,"column":92}},"32":{"start":{"line":161,"column":38},"end":{"line":161,"column":87}},"33":{"start":{"line":162,"column":12},"end":{"line":190,"column":14}}},"fnMap":{"0":{"name":"(anonymous_0)","decl":{"start":{"line":14,"column":21},"end":{"line":14,"column":22}},"loc":{"start":{"line":14,"column":27},"end":{"line":196,"column":1}},"line":14},"1":{"name":"(anonymous_1)","decl":{"start":{"line":23,"column":12},"end":{"line":23,"column":13}},"loc":{"start":{"line":23,"column":18},"end":{"line":49,"column":3}},"line":23},"2":{"name":"(anonymous_2)","decl":{"start":{"line":28,"column":12},"end":{"line":28,"column":13}},"loc":{"start":{"line":28,"column":27},"end":{"line":40,"column":7}},"line":28},"3":{"name":"(anonymous_3)","decl":{"start":{"line":41,"column":13},"end":{"line":41,"column":14}},"loc":{"start":{"line":41,"column":22},"end":{"line":44,"column":7}},"line":41},"4":{"name":"(anonymous_4)","decl":{"start":{"line":45,"column":15},"end":{"line":45,"column":16}},"loc":{"start":{"line":45,"column":21},"end":{"line":47,"column":7}},"line":45},"5":{"name":"(anonymous_5)","decl":{"start":{"line":102,"column":26},"end":{"line":102,"column":27}},"loc":{"start":{"line":102,"column":40},"end":{"line":116,"column":11}},"line":102},"6":{"name":"(anonymous_6)","decl":{"start":{"line":140,"column":27},"end":{"line":140,"column":28}},"loc":{"start":{"line":140,"column":33},"end":{"line":140,"column":71}},"line":140},"7":{"name":"(anonymous_7)","decl":{"start":{"line":148,"column":27},"end":{"line":148,"column":28}},"loc":{"start":{"line":148,"column":33},"end":{"line":148,"column":71}},"line":148},"8":{"name":"(anonymous_8)","decl":{"start":{"line":159,"column":25},"end":{"line":159,"column":26}},"loc":{"start":{"line":159,"column":38},"end":{"line":191,"column":11}},"line":159}},"branchMap":{"0":{"loc":{"start":{"line":31,"column":8},"end":{"line":39,"column":9}},"type":"if","locations":[{"start":{"line":31,"column":8},"end":{"line":39,"column":9}},{"start":{"line":35,"column":15},"end":{"line":39,"column":9}}],"line":31},"1":{"loc":{"start":{"line":51,"column":2},"end":{"line":53,"column":3}},"type":"if","locations":[{"start":{"line":51,"column":2},"end":{"line":53,"column":3}},{"start":{},"end":{}}],"line":51},"2":{"loc":{"start":{"line":55,"column":2},"end":{"line":57,"column":3}},"type":"if","locations":[{"start":{"line":55,"column":2},"end":{"line":57,"column":3}},{"start":{},"end":{}}],"line":55}},"s":{"0":0,"1":0,"2":0,"3":0,"4":0,"5":0,"6":0,"7":0,"8":0,"9":0,"10":0,"11":0,"12":0,"13":0,"14":0,"15":0,"16":0,"17":0,"18":0,"19":0,"20":0,"21":0,"22":0,"23":0,"24":0,"25":0,"26":0,"27":0,"28":0,"29":0,"30":0,"31":0,"32":0,"33":0},"f":{"0":0,"1":0,"2":0,"3":0,"4":0,"5":0,"6":0,"7":0,"8":0},"b":{"0":[0,0],"1":[0,0],"2":[0,0]}}
,"C:\\Users\\2165311\\react-project\\myShop\\src\\routes\\AppRoutes\\AppRoutes.js": {"path":"C:\\Users\\2165311\\react-project\\myShop\\src\\routes\\AppRoutes\\AppRoutes.js","statementMap":{"0":{"start":{"line":10,"column":22},"end":{"line":10,"column":89}},"1":{"start":{"line":10,"column":39},"end":{"line":10,"column":88}},"2":{"start":{"line":13,"column":18},"end":{"line":30,"column":1}},"3":{"start":{"line":14,"column":2},"end":{"line":29,"column":4}}},"fnMap":{"0":{"name":"(anonymous_0)","decl":{"start":{"line":10,"column":33},"end":{"line":10,"column":34}},"loc":{"start":{"line":10,"column":39},"end":{"line":10,"column":88}},"line":10},"1":{"name":"(anonymous_1)","decl":{"start":{"line":13,"column":18},"end":{"line":13,"column":19}},"loc":{"start":{"line":13,"column":24},"end":{"line":30,"column":1}},"line":13}},"branchMap":{},"s":{"0":0,"1":0,"2":0,"3":0},"f":{"0":0,"1":0},"b":{}}
}
